
May 16 22:37:34 meme kernel: 0 6475 0 1 0 0 0
May 16 22:37:34 meme kernel: 0 6475 91973 2 30 0 0
May 16 22:37:35 meme kernel: 0 6505 0 1 0 0 0
May 16 22:37:35 meme kernel: 0 6505 239063 2 28 0 0
May 16 22:37:36 meme kernel: 0 6533 0 1 0 0 0
May 16 22:37:36 meme kernel: 0 6533 379427 2 3727 0 0
May 16 22:37:37 meme kernel: 1 10260 0 1 0 1934 0
May 16 22:37:37 meme kernel: 1 10260 462533 2 8096 1934 0
May 16 22:37:37 meme kernel: 2 16006 0 1 0 1048 15880
May 16 22:37:37 meme kernel: 2 16006 456941 2 9185 1048 15880
May 16 22:37:38 meme kernel: 3 24137 0 1 0 6936 8900
May 16 22:37:38 meme kernel: 3 24137 449188 2 15770 6936 8900
May 16 22:37:38 meme kernel: 4 32967 0 1 0 6096 15422
May 16 22:37:38 meme kernel: 4 32967 439943 2 6363 6096 15422
May 16 22:37:38 meme kernel: 5 33203 0 1 0 8306 6360
May 16 22:37:38 meme kernel: 5 33203 439695 2 4108 8306 6360
May 16 22:37:38 meme kernel: 6 29002 0 1 0 6959 4108
May 16 22:37:38 meme kernel: 6 29002 443775 2 4146 6959 4108
May 16 22:37:38 meme kernel: 7 26180 0 1 0 6963 4146
May 16 22:37:38 meme kernel: 7 26180 446544 2 2852 6963 4146
May 16 22:37:38 meme kernel: 8 22059 0 1 0 8556 2850
May 16 22:37:38 meme kernel: 8 22059 450674 2 5745 8556 2850
May 16 22:37:38 meme kernel: 9 19244 0 1 0 6856 5714
May 16 22:37:38 meme kernel: 9 19244 453388 2 11192 6856 5714
May 16 22:37:38 meme kernel: 10 23578 0 1 0 6500 11167
May 16 22:37:38 meme kernel: 10 23578 449004 2 11067 6500 11167
May 16 22:37:39 meme kernel: 11 28138 0 1 0 6575 11064
May 16 22:37:39 meme kernel: 11 28138 444415 2 7256 6575 11064
May 16 22:37:39 meme kernel: 12 28816 0 1 0 6766 7256
May 16 22:37:39 meme kernel: 12 28816 443710 2 3683 6766 7256
May 16 22:37:39 meme kernel: 13 25719 0 1 0 6995 3683
May 16 22:37:39 meme kernel: 13 25719 446753 2 3564 6995 3683
May 16 22:37:39 meme kernel: 14 22277 0 1 0 6998 3564
May 16 22:37:39 meme kernel: 14 22277 450151 2 6217 6998 3564
May 16 22:37:39 meme kernel: 15 21489 0 1 0 6835 6217
May 16 22:37:39 meme kernel: 15 21489 450941 2 9488 6835 6217
May 16 22:37:39 meme kernel: 16 24127 0 1 0 6999 9488
May 16 22:37:39 meme kernel: 16 24127 448266 2 9870 6999 9488
May 16 22:37:39 meme kernel: 17 26991 0 1 0 6592 9870
May 16 22:37:39 meme kernel: 17 26991 445275 2 7298 6592 9870
May 16 22:37:39 meme kernel: 18 27694 0 1 0 6763 7298
May 16 22:37:39 meme kernel: 18 27694 444547 2 4524 6763 7298
May 16 22:37:39 meme kernel: 19 25441 0 1 0 6940 4524
May 16 22:37:39 meme kernel: 19 25441 446759 2 3959 6940 4524
May 16 22:37:40 meme kernel: 20 22445 0 1 0 7769 3959
May 16 22:37:40 meme kernel: 20 22445 449698 2 6418 7769 3959
May 16 22:37:40 meme kernel: 21 21086 0 1 0 6820 6418
May 16 22:37:40 meme kernel: 21 21086 450968 2 10059 6820 6418
May 16 22:37:40 meme kernel: 22 24318 0 1 0 6583 10059
May 16 22:37:40 meme kernel: 22 24318 447692 2 10182 6583 10059
May 16 22:37:40 meme kernel: 23 27913 0 1 0 6888 10182
May 16 22:37:40 meme kernel: 23 27913 444047 2 6660 6888 10182
May 16 22:37:40 meme kernel: 24 27683 0 1 0 6801 6660
May 16 22:37:40 meme kernel: 24 27683 444245 2 4210 6801 6660
May 16 22:37:40 meme kernel: 25 25082 0 1 0 6963 4210
May 16 22:37:40 meme kernel: 25 25082 446784 2 4034 6963 4210
May 16 22:37:40 meme kernel: 26 22141 0 1 0 7268 4034
May 16 22:37:40 meme kernel: 26 22141 449659 2 6803 7268 4034
May 16 22:37:40 meme kernel: 27 21662 0 1 0 7615 6803
May 16 22:37:40 meme kernel: 27 21662 450117 2 9872 7615 6803
May 16 22:37:40 meme kernel: 28 23908 0 1 0 6592 9872
May 16 22:37:40 meme kernel: 28 23908 447788 2 10413 6592 9872
May 16 22:37:41 meme kernel: 29 27724 0 1 0 6560 10411
May 16 22:37:41 meme kernel: 29 27724 443931 2 7114 6560 10411
May 16 22:37:41 meme kernel: 30 28274 0 1 0 6772 7114
May 16 22:37:41 meme kernel: 30 28274 443333 2 4427 6772 7114
May 16 22:37:41 meme kernel: 31 25919 0 1 0 6948 4427
May 16 22:37:41 meme kernel: 31 25919 445635 2 3871 6948 4427
May 16 22:37:41 meme kernel: 32 22832 0 1 0 8172 3871
May 16 22:37:41 meme kernel: 32 22832 448725 2 6020 8172 3871
May 16 22:37:41 meme kernel: 33 20670 0 1 0 6844 6020
May 16 22:37:41 meme kernel: 33 20670 450759 2 10108 6844 6020
May 16 22:37:41 meme kernel: 34 23928 0 1 0 6581 10108
May 16 22:37:41 meme kernel: 34 23928 447446 2 10604 6581 10108
May 16 22:37:41 meme kernel: 35 27946 0 1 0 6546 10604
May 16 22:37:41 meme kernel: 35 27946 443369 2 7042 6546 10604
May 16 22:37:41 meme kernel: 36 28440 0 1 0 7497 7042
May 16 22:37:41 meme kernel: 36 28440 442860 2 4690 7497 7042
May 16 22:37:41 meme kernel: 37 25621 0 1 0 6927 4690
May 16 22:37:41 meme kernel: 37 25621 445603 2 4140 6927 4690
May 16 22:37:41 meme kernel: 38 22828 0 1 0 6967 4140
May 16 22:37:41 meme kernel: 38 22828 448321 2 6211 6967 4140
May 16 22:37:42 meme kernel: 39 22064 0 1 0 6830 6211
May 16 22:37:42 meme kernel: 39 22064 449034 2 8902 6830 6211
May 16 22:37:42 meme kernel: 40 24123 0 1 0 7284 8902
May 16 22:37:42 meme kernel: 40 24123 446950 2 9367 7284 8902
May 16 22:37:42 meme kernel: 41 26202 0 1 0 6627 9367
May 16 22:37:42 meme kernel: 41 26202 444758 2 7612 6627 9367
May 16 22:37:42 meme kernel: 42 27290 0 1 0 6740 7612
May 16 22:37:42 meme kernel: 42 27290 443664 2 4991 6740 7612
May 16 22:37:42 meme kernel: 43 25414 0 1 0 7891 4991
May 16 22:37:42 meme kernel: 43 25414 445480 2 4456 7891 4991
May 16 22:37:42 meme kernel: 44 21966 0 1 0 6940 4456
May 16 22:37:42 meme kernel: 44 21966 448811 2 7378 6940 4456
May 16 22:37:42 meme kernel: 45 22395 0 1 0 6751 7378
May 16 22:37:42 meme kernel: 45 22395 448424 2 9705 6751 7378
May 16 22:37:42 meme kernel: 46 25346 0 1 0 8095 9705
May 16 22:37:42 meme kernel: 46 25346 445372 2 8852 8095 9705
May 16 22:37:42 meme kernel: 47 26102 0 1 0 6661 8852
May 16 22:37:42 meme kernel: 47 26102 444522 2 7329 6661 8852
May 16 22:37:42 meme kernel: 48 26761 0 1 0 8177 7329
May 16 22:37:42 meme kernel: 48 26761 443860 2 5320 8177 7329
May 16 22:37:43 meme kernel: 49 23893 0 1 0 7977 5320
May 16 22:37:43 meme kernel: 49 23893 446625 2 6288 7977 5320
May 16 22:37:43 meme kernel: 50 22195 0 1 0 6825 6288
May 16 22:37:43 meme kernel: 50 22195 448231 2 8825 6825 6288
May 16 22:37:43 meme kernel: 51 24192 0 1 0 7573 8825
May 16 22:37:43 meme kernel: 51 24192 446196 2 7993 7573 8825
May 16 22:37:43 meme kernel: 52 24609 0 1 0 6711 7993
May 16 22:37:43 meme kernel: 52 24609 445720 2 8025 6711 7993
May 16 22:37:43 meme kernel: 53 25904 0 1 0 6454 7411
May 16 22:37:43 meme kernel: 53 25904 444295 2 7327 6454 7411
May 16 22:37:43 meme kernel: 54 26759 0 1 0 6764 7327
May 16 22:37:43 meme kernel: 54 26759 443474 2 5217 6764 7327
May 16 22:37:44 meme kernel: 55 25204 0 1 0 6903 5217
May 16 22:37:44 meme kernel: 55 25204 445037 2 4888 6903 5217
May 16 22:37:44 meme kernel: 56 23175 0 1 0 6925 4888
May 16 22:37:44 meme kernel: 56 23175 447050 2 6550 6925 4888
May 16 22:37:44 meme kernel: 57 22794 0 1 0 8217 6550
May 16 22:37:44 meme kernel: 57 22794 447496 2 8514 8217 6550
May 16 22:37:44 meme kernel: 58 23087 0 1 0 6697 8514
May 16 22:37:44 meme kernel: 58 23087 447120 2 10085 6697 8514
May 16 22:37:44 meme kernel: 59 26462 0 1 0 6596 10085
May 16 22:37:44 meme kernel: 59 26462 443730 2 8095 6596 10085
May 16 22:37:44 meme kernel: 60 28051 0 1 0 6717 8184
May 16 22:37:44 meme kernel: 60 28051 442170 2 5877 6717 8184
May 16 22:37:44 meme kernel: 61 27210 0 1 0 6861 5909
May 16 22:37:44 meme kernel: 61 27210 442936 2 5178 6861 5909
May 16 22:37:44 meme kernel: 62 25514 0 1 0 7173 5259
May 16 22:37:44 meme kernel: 62 25514 444612 2 5020 7173 5259
May 16 22:37:44 meme kernel: 63 23464 0 1 0 7097 5156
May 16 22:37:44 meme kernel: 63 23464 446716 2 6587 7097 5156
May 16 22:37:45 meme kernel: 64 23164 0 1 0 6794 6868
May 16 22:37:45 meme kernel: 64 23164 446974 2 8403 6794 6868
May 16 22:37:45 meme kernel: 65 24731 0 1 0 7752 8492
May 16 22:37:45 meme kernel: 65 24731 445408 2 8349 7752 8492
May 16 22:37:45 meme kernel: 66 25471 0 1 0 6781 8518
May 16 22:37:45 meme kernel: 66 25471 444262 2 7180 6781 8518
May 16 22:37:45 meme kernel: 67 26341 0 1 0 6693 7829
May 16 22:37:45 meme kernel: 67 26341 443336 2 5360 6693 7829
May 16 22:37:45 meme kernel: 68 26886 0 1 0 6734 7443
May 16 22:37:45 meme kernel: 68 26886 442820 2 10790 6734 7443
May 16 22:37:46 meme kernel: 69 35604 0 1 0 6235 15666
May 16 22:37:46 meme kernel: 69 35604 432821 2 15523 6235 15666
May 16 22:37:46 meme kernel: 70 50799 0 1 0 5857 21565
May 16 22:37:46 meme kernel: 70 50799 417715 2 15523 5857 21565
May 16 22:37:46 meme kernel: 71 65933 0 1 0 5901 21102
May 16 22:37:46 meme kernel: 71 65933 402529 2 13186 5901 21102
May 16 22:37:53 meme kernel: 72 78697 0 1 0 6330 18807
May 16 22:37:53 meme kernel: 72 78697 395343 2 258714 6330 18807
May 16 22:37:57 meme kernel: 73 331191 0 1 0 6792 264429
May 16 22:37:57 meme kernel: 73 331191 396344 2 13735 6792 264429
May 16 22:38:00 meme kernel: 74 85222 0 1 0 6800 20462
May 16 22:38:00 meme kernel: 74 85222 398043 2 0 6800 20462
May 16 22:38:02 meme kernel: 75 69739 0 1 0 6834 6393
May 16 22:38:02 meme kernel: 75 69739 398645 2 12791 6834 6393
May 16 22:38:09 meme kernel: 76 82004 0 1 0 6474 19367
May 16 22:38:10 meme kernel: 76 82004 396513 2 24446 6474 19367
May 16 22:38:11 meme kernel: 77 97567 0 1 0 7938 32677
May 16 22:38:11 meme kernel: 77 97567 404110 2 0 7938 32677
May 16 22:38:11 meme kernel: 78 64567 0 1 0 6769 7297
May 16 22:38:11 meme kernel: 78 64567 404613 2 28525 6769 7297
May 16 22:38:17 meme kernel: 79 92717 0 1 0 6594 35100
May 16 22:38:17 meme kernel: 79 92717 402956 2 80223 6594 35100
May 16 22:38:21 meme kernel: 80 145932 0 1 0 6747 86623
May 16 22:38:21 meme kernel: 80 145932 404279 2 113775 6747 86623
May 16 22:38:26 meme kernel: 81 178130 0 1 0 6310 120418
May 16 22:38:26 meme kernel: 81 178130 403134 2 40394 6310 120418
May 16 22:38:29 meme kernel: 82 105868 0 1 0 6890 46472
May 16 22:38:29 meme kernel: 82 105868 405357 2 0 6890 46472
May 16 22:38:32 meme kernel: 83 63031 0 1 0 6823 6549
May 16 22:38:32 meme kernel: 83 63031 405915 2 121663 6823 6549
May 16 22:38:38 meme kernel: 84 184190 0 1 0 6434 128284
May 16 22:38:38 meme kernel: 84 184190 406242 2 22653 6434 128284
